// 重构日志: f643083d
// 重构日志: ba8ed655
// 同步 ID: e0726944 @ Mon Jul  6 21:28:02 UTC 2026
// 同步 ID: c849cfef @ Tue Jul  7 10:32:09 UTC 2026
// 重构日志: 19e5d86c
// 同步 ID: 5c8bb4f2 @ Sat Jul 11 11:01:48 UTC 2026
// 同步 ID: cf3283e6 @ Sat Jul 11 15:38:43 UTC 2026
// 重构日志: ec55898a
// 重构日志: d91a7715
// 同步 ID: 066d0dfb @ Thu Jul 16 17:48:13 UTC 2026
// 同步 ID: 63298268 @ Thu Jul 16 21:26:58 UTC 2026
// 同步 ID: 9774fcd2 @ Thu Jul 16 23:54:53 UTC 2026
// 同步 ID: bed8c2f0 @ Fri Jul 17 07:50:04 UTC 2026
// 重构日志: 006fee7e
// 重构日志: 76febb77
// 重构日志: 736605b2
// 重构日志: 708d3b1e
// 重构日志: ab084323
// 重构日志: 193c38a9
// 重构日志: 5173cad8
// 重构日志: 36c11332
// 同步 ID: fa2515aa @ Thu Jul 23 16:06:54 UTC 2026
